<?xml version="1.0" encoding="UTF-8"?>
<testng-results ignored="0" total="1" passed="1" failed="0" skipped="0">
  <reporter-output>
    <line>
      <![CDATA[Actual and Expected User ID are matching, TC is Passed]]>
    </line>
    <line>
      <![CDATA[TC passed and TC name is ValidateUserID]]>
    </line>
  </reporter-output>
  <suite started-at="2022-07-06T17:16:28 IST" name="Default suite" finished-at="2022-07-06T17:16:45 IST" duration-ms="17184">
    <groups>
    </groups>
    <test started-at="2022-07-06T17:16:28 IST" name="Default test" finished-at="2022-07-06T17:16:45 IST" duration-ms="17184">
      <class name="KiteTest.ValidateKiteUserID_Prop">
        <test-method is-config="true" signature="launchBrowser()[pri:0, instance:KiteTest.ValidateKiteUserID_Prop@485966cc]" started-at="2022-07-06T17:16:28 IST" name="launchBrowser" finished-at="2022-07-06T17:16:42 IST" duration-ms="14799" status="PASS">
          <reporter-output>
          </reporter-output>
        </test-method> <!-- launchBrowser -->
        <test-method is-config="true" signature="loginToKite()[pri:0, instance:KiteTest.ValidateKiteUserID_Prop@485966cc]" started-at="2022-07-06T17:16:42 IST" name="loginToKite" finished-at="2022-07-06T17:16:43 IST" duration-ms="650" status="PASS">
          <reporter-output>
          </reporter-output>
        </test-method> <!-- loginToKite -->
        <test-method signature="ValidateUserID()[pri:0, instance:KiteTest.ValidateKiteUserID_Prop@485966cc]" started-at="2022-07-06T17:16:43 IST" name="ValidateUserID" finished-at="2022-07-06T17:16:44 IST" duration-ms="908" status="PASS">
          <reporter-output>
            <line>
              <![CDATA[Actual and Expected User ID are matching, TC is Passed]]>
            </line>
            <line>
              <![CDATA[TC passed and TC name is ValidateUserID]]>
            </line>
          </reporter-output>
        </test-method> <!-- ValidateUserID -->
        <test-method is-config="true" signature="logOutFromKite()[pri:0, instance:KiteTest.ValidateKiteUserID_Prop@485966cc]" started-at="2022-07-06T17:16:44 IST" name="logOutFromKite" finished-at="2022-07-06T17:16:45 IST" duration-ms="672" status="PASS">
          <reporter-output>
          </reporter-output>
        </test-method> <!-- logOutFromKite -->
        <test-method is-config="true" signature="closeBrowser()[pri:0, instance:KiteTest.ValidateKiteUserID_Prop@485966cc]" started-at="2022-07-06T17:16:45 IST" name="closeBrowser" finished-at="2022-07-06T17:16:45 IST" duration-ms="102" status="PASS">
          <reporter-output>
          </reporter-output>
        </test-method> <!-- closeBrowser -->
      </class> <!-- KiteTest.ValidateKiteUserID_Prop -->
    </test> <!-- Default test -->
  </suite> <!-- Default suite -->
</testng-results>
